d:\antonio persin\github\breakoutclone\breakoutclone\breakoutclone\x64\release\vc143.pdb
d:\antonio persin\github\breakoutclone\breakoutclone\breakoutclone\x64\release\soundmanager.obj
d:\antonio persin\github\breakoutclone\breakoutclone\breakoutclone\x64\release\paddle.obj
d:\antonio persin\github\breakoutclone\breakoutclone\breakoutclone\x64\release\main.obj
d:\antonio persin\github\breakoutclone\breakoutclone\breakoutclone\x64\release\level.obj
d:\antonio persin\github\breakoutclone\breakoutclone\breakoutclone\x64\release\gameticker.obj
d:\antonio persin\github\breakoutclone\breakoutclone\breakoutclone\x64\release\game.obj
d:\antonio persin\github\breakoutclone\breakoutclone\breakoutclone\x64\release\collisionmanager.obj
d:\antonio persin\github\breakoutclone\breakoutclone\breakoutclone\x64\release\brick.obj
d:\antonio persin\github\breakoutclone\breakoutclone\breakoutclone\x64\release\breakablebrick.obj
d:\antonio persin\github\breakoutclone\breakoutclone\breakoutclone\x64\release\ball.obj
d:\antonio persin\github\breakoutclone\breakoutclone\x64\release\breakoutclone.exe
d:\antonio persin\github\breakoutclone\breakoutclone\x64\release\breakoutclone.pdb
d:\antonio persin\github\breakoutclone\breakoutclone\breakoutclone\x64\release\breakoutclone.iobj
d:\antonio persin\github\breakoutclone\breakoutclone\breakoutclone\x64\release\breakoutclone.ipdb
d:\antonio persin\github\breakoutclone\breakoutclone\breakoutclone\x64\release\breakoutclone.tlog\cl.command.1.tlog
d:\antonio persin\github\breakoutclone\breakoutclone\breakoutclone\x64\release\breakoutclone.tlog\cl.items.tlog
d:\antonio persin\github\breakoutclone\breakoutclone\breakoutclone\x64\release\breakoutclone.tlog\cl.read.1.tlog
d:\antonio persin\github\breakoutclone\breakoutclone\breakoutclone\x64\release\breakoutclone.tlog\cl.write.1.tlog
d:\antonio persin\github\breakoutclone\breakoutclone\breakoutclone\x64\release\breakoutclone.tlog\link.command.1.tlog
d:\antonio persin\github\breakoutclone\breakoutclone\breakoutclone\x64\release\breakoutclone.tlog\link.read.1.tlog
d:\antonio persin\github\breakoutclone\breakoutclone\breakoutclone\x64\release\breakoutclone.tlog\link.write.1.tlog
