d:\antonio persin\github\breakoutclone\breakoutclone\breakoutclone\x64\debug\vc143.pdb
d:\antonio persin\github\breakoutclone\breakoutclone\breakoutclone\x64\debug\vc143.idb
d:\antonio persin\github\breakoutclone\breakoutclone\breakoutclone\x64\debug\test.obj
d:\antonio persin\github\breakoutclone\breakoutclone\breakoutclone\x64\debug\soundmanager.obj
d:\antonio persin\github\breakoutclone\breakoutclone\breakoutclone\x64\debug\paddle.obj
d:\antonio persin\github\breakoutclone\breakoutclone\breakoutclone\x64\debug\main.obj
d:\antonio persin\github\breakoutclone\breakoutclone\breakoutclone\x64\debug\level.obj
d:\antonio persin\github\breakoutclone\breakoutclone\breakoutclone\x64\debug\gameticker.obj
d:\antonio persin\github\breakoutclone\breakoutclone\breakoutclone\x64\debug\game.obj
d:\antonio persin\github\breakoutclone\breakoutclone\breakoutclone\x64\debug\collisionmanager.obj
d:\antonio persin\github\breakoutclone\breakoutclone\breakoutclone\x64\debug\brick.obj
d:\antonio persin\github\breakoutclone\breakoutclone\breakoutclone\x64\debug\breakablebrick.obj
d:\antonio persin\github\breakoutclone\breakoutclone\breakoutclone\x64\debug\ball.obj
d:\antonio persin\github\breakoutclone\breakoutclone\x64\debug\breakoutclone.exe
d:\antonio persin\github\breakoutclone\breakoutclone\breakoutclone\x64\debug\breakoutclone.ilk
d:\antonio persin\github\breakoutclone\breakoutclone\x64\debug\breakoutclone.pdb
d:\antonio persin\github\breakoutclone\breakoutclone\breakoutclone\x64\debug\breakoutclone.tlog\cl.command.1.tlog
d:\antonio persin\github\breakoutclone\breakoutclone\breakoutclone\x64\debug\breakoutclone.tlog\cl.items.tlog
d:\antonio persin\github\breakoutclone\breakoutclone\breakoutclone\x64\debug\breakoutclone.tlog\cl.read.1.tlog
d:\antonio persin\github\breakoutclone\breakoutclone\breakoutclone\x64\debug\breakoutclone.tlog\cl.write.1.tlog
d:\antonio persin\github\breakoutclone\breakoutclone\breakoutclone\x64\debug\breakoutclone.tlog\link.command.1.tlog
d:\antonio persin\github\breakoutclone\breakoutclone\breakoutclone\x64\debug\breakoutclone.tlog\link.read.1.tlog
d:\antonio persin\github\breakoutclone\breakoutclone\breakoutclone\x64\debug\breakoutclone.tlog\link.write.1.tlog
